{"total": {"lines":{"total":81,"covered":50,"skipped":0,"pct":61.72},"statements":{"total":81,"covered":50,"skipped":0,"pct":61.72},"functions":{"total":4,"covered":1,"skipped":0,"pct":25},"branches":{"total":5,"covered":4,"skipped":0,"pct":80},"branchesTrue":{"total":0,"covered":0,"skipped":0,"pct":100}}
,"/Users/christoffer/Documents/A Study In Programming/Folkuniversitetet/Distansutbildningar/Kurser/Javascriptutvecklare/CD - CI deployment/JS23/Aktivitetsrepon/live-20-november/src/App.jsx": {"lines":{"total":29,"covered":0,"skipped":0,"pct":0},"functions":{"total":1,"covered":0,"skipped":0,"pct":0},"statements":{"total":29,"covered":0,"skipped":0,"pct":0},"branches":{"total":1,"covered":0,"skipped":0,"pct":0}}
,"/Users/christoffer/Documents/A Study In Programming/Folkuniversitetet/Distansutbildningar/Kurser/Javascriptutvecklare/CD - CI deployment/JS23/Aktivitetsrepon/live-20-november/src/components/ShowCounter.jsx": {"lines":{"total":8,"covered":8,"skipped":0,"pct":100},"functions":{"total":1,"covered":1,"skipped":0,"pct":100},"statements":{"total":8,"covered":8,"skipped":0,"pct":100},"branches":{"total":2,"covered":2,"skipped":0,"pct":100}}
,"/Users/christoffer/Documents/A Study In Programming/Folkuniversitetet/Distansutbildningar/Kurser/Javascriptutvecklare/CD - CI deployment/JS23/Aktivitetsrepon/live-20-november/src/components/ShowCounter.test.jsx": {"lines":{"total":15,"covered":15,"skipped":0,"pct":100},"functions":{"total":0,"covered":0,"skipped":0,"pct":100},"statements":{"total":15,"covered":15,"skipped":0,"pct":100},"branches":{"total":2,"covered":2,"skipped":0,"pct":100}}
,"/Users/christoffer/Documents/A Study In Programming/Folkuniversitetet/Distansutbildningar/Kurser/Javascriptutvecklare/CD - CI deployment/JS23/Aktivitetsrepon/live-20-november/src/reducers/counterReducer.js": {"lines":{"total":19,"covered":17,"skipped":0,"pct":89.47},"functions":{"total":2,"covered":0,"skipped":0,"pct":0},"statements":{"total":19,"covered":17,"skipped":0,"pct":89.47},"branches":{"total":0,"covered":0,"skipped":0,"pct":100}}
,"/Users/christoffer/Documents/A Study In Programming/Folkuniversitetet/Distansutbildningar/Kurser/Javascriptutvecklare/CD - CI deployment/JS23/Aktivitetsrepon/live-20-november/src/store/store.js": {"lines":{"total":10,"covered":10,"skipped":0,"pct":100},"functions":{"total":0,"covered":0,"skipped":0,"pct":100},"statements":{"total":10,"covered":10,"skipped":0,"pct":100},"branches":{"total":0,"covered":0,"skipped":0,"pct":100}}
}
